Warning: ASSERT: "i <= nodes" in c:\qt\3.3.5\include\qvaluelist.h (373)
Warning: QColor::setHsv: HSV parameters out of range
Warning: ASSERT: "i <= nodes" in c:\qt\3.3.5\include\qvaluelist.h (373)
Warning: ASSERT: "i <= nodes" in c:\qt\3.3.5\include\qvaluelist.h (373)
Warning: ASSERT: "i <= nodes" in c:\qt\3.3.5\include\qvaluelist.h (373)
Warning: QColor::setHsv: HSV parameters out of range
Warning: ASSERT: "i <= nodes" in c:\qt\3.3.5\include\qvaluelist.h (373)
Warning: ASSERT: "i <= nodes" in c:\qt\3.3.5\include\qvaluelist.h (373)
Warning: QColor::setHsv: HSV parameters out of range
Warning: ASSERT: "i <= nodes" in c:\qt\3.3.5\include\qvaluelist.h (373)
Debug: Building project D:/Games/Crysis/Mods/hkump45/Game/Sounds/Hkump45\Hkump45.fev...
Debug: Retrieving waveform info...
Debug: ../../../../../../../media/sounds/crysis/gunsounds/hkump45/Hkump45_magin1.wav
Debug: ../../../../../../../media/sounds/crysis/gunsounds/hkump45/Hkump45_magout1.wav
Debug: ../../../../../../../media/sounds/crysis/gunsounds/hkump45/Hkump45_boltback1.wav
Debug: ../../../../../../../media/sounds/crysis/gunsounds/hkump45/Hkump45_boltrelease1.wav
Debug: ../../../../../../../media/sounds/crysis/gunsounds/hkump45/Hkump45_Fire_loop_3rd.wav
Debug: ../../../../../../../media/sounds/crysis/gunsounds/hkump45/Hkump45_fire_single_3rd.wav
Debug: ../../../../../../../media/sounds/crysis/gunsounds/hkump45/Hkump45_fire_loop_tail_3rd.wav
Debug: ../../../../../../../media/sounds/crysis/gunsounds/hkump45/Hkump45_Fire_loop_silenced_3rd.wav
Debug: ../../../../../../../media/sounds/crysis/gunsounds/hkump45/Hkump45_Fire_single_silenced_3rd.wav
Debug: ../../../../../../../media/sounds/crysis/gunsounds/hkump45/Hkump45_fire_loop_tail_silenced_3rd.wav
Debug: ../../../../../../../media/sounds/crysis/gunsounds/hkump45/Hkump45_Fire_loop.wav
Debug: ../../../../../../../media/sounds/crysis/gunsounds/hkump45/Hkump45_fire_single.wav
Debug: ../../../../../../../media/sounds/crysis/gunsounds/hkump45/Hkump45_fire_loop_tail.wav
Debug: ../../../../../../../media/sounds/crysis/gunsounds/hkump45/Hkump45_Fire_loop_silenced.wav
Debug: ../../../../../../../media/sounds/crysis/gunsounds/hkump45/Hkump45_Fire_single_silenced.wav
Debug: ../../../../../../../media/sounds/crysis/gunsounds/hkump45/Hkump45_fire_loop_tail_silenced.wav
Debug: Retrieving reverb info...
Debug: FEV file written ok
Debug: Building header file D:/Games/Crysis/Mods/hkump45/Game/Sounds/Hkump45\Hkump45.h...
Debug: Building programmer report D:/Games/Crysis/Mods/hkump45/Game/Sounds/Hkump45\Hkump45.txt...
Debug: Building 'Weapon_Hkump45.fsb'
Debug: Building D:/Games/Crysis/Mods/hkump45/Game/Sounds/Hkump45\Weapon_Hkump45.fsb.  Format = IMA ADPCM (3.5:1)
Debug: Info : Build Mode = FSBANK_BUILDMODE_SINGLE
Debug: Info : Added D:/Games/Crysis/Mods/hkump45/Game/Sounds/Hkump45\../../../../../../../media/sounds/crysis/gunsounds/hkump45/Hkump45_Fire_loop.wav  SRAM Usage 4 kb 
Debug: Info : Added D:/Games/Crysis/Mods/hkump45/Game/Sounds/Hkump45\../../../../../../../media/sounds/crysis/gunsounds/hkump45/Hkump45_magin1.wav  SRAM Usage 29 kb 
Debug: Info : Added D:/Games/Crysis/Mods/hkump45/Game/Sounds/Hkump45\../../../../../../../media/sounds/crysis/gunsounds/hkump45/Hkump45_magout1.wav  SRAM Usage 51 kb 
Debug: Info : Added D:/Games/Crysis/Mods/hkump45/Game/Sounds/Hkump45\../../../../../../../media/sounds/crysis/gunsounds/hkump45/Hkump45_boltback1.wav  SRAM Usage 58 kb 
Debug: Info : Added D:/Games/Crysis/Mods/hkump45/Game/Sounds/Hkump45\../../../../../../../media/sounds/crysis/gunsounds/hkump45/Hkump45_boltrelease1.wav  SRAM Usage 74 kb 
Debug: Info : Added D:/Games/Crysis/Mods/hkump45/Game/Sounds/Hkump45\../../../../../../../media/sounds/crysis/gunsounds/hkump45/Hkump45_Fire_loop_3rd.wav  SRAM Usage 76 kb 
Debug: Info : Added D:/Games/Crysis/Mods/hkump45/Game/Sounds/Hkump45\../../../../../../../media/sounds/crysis/gunsounds/hkump45/Hkump45_fire_single_3rd.wav  SRAM Usage 125 kb 
Debug: Info : Added D:/Games/Crysis/Mods/hkump45/Game/Sounds/Hkump45\../../../../../../../media/sounds/crysis/gunsounds/hkump45/Hkump45_fire_loop_tail_3rd.wav  SRAM Usage 171 kb 
Debug: Info : Added D:/Games/Crysis/Mods/hkump45/Game/Sounds/Hkump45\../../../../../../../media/sounds/crysis/gunsounds/hkump45/Hkump45_Fire_loop_silenced_3rd.wav  SRAM Usage 174 kb 
Debug: Info : Added D:/Games/Crysis/Mods/hkump45/Game/Sounds/Hkump45\../../../../../../../media/sounds/crysis/gunsounds/hkump45/Hkump45_Fire_single_silenced_3rd.wav  SRAM Usage 188 kb 
Debug: Info : Added D:/Games/Crysis/Mods/hkump45/Game/Sounds/Hkump45\../../../../../../../media/sounds/crysis/gunsounds/hkump45/Hkump45_fire_loop_tail_silenced_3rd.wav  SRAM Usage 200 kb 
Debug: Info : Added D:/Games/Crysis/Mods/hkump45/Game/Sounds/Hkump45\../../../../../../../media/sounds/crysis/gunsounds/hkump45/Hkump45_fire_single.wav  SRAM Usage 298 kb 
Debug: Info : Added D:/Games/Crysis/Mods/hkump45/Game/Sounds/Hkump45\../../../../../../../media/sounds/crysis/gunsounds/hkump45/Hkump45_fire_loop_tail.wav  SRAM Usage 391 kb 
Debug: Info : Added D:/Games/Crysis/Mods/hkump45/Game/Sounds/Hkump45\../../../../../../../media/sounds/crysis/gunsounds/hkump45/Hkump45_Fire_loop_silenced.wav  SRAM Usage 396 kb 
Debug: Info : Added D:/Games/Crysis/Mods/hkump45/Game/Sounds/Hkump45\../../../../../../../media/sounds/crysis/gunsounds/hkump45/Hkump45_Fire_single_silenced.wav  SRAM Usage 425 kb 
Debug: Info : Added D:/Games/Crysis/Mods/hkump45/Game/Sounds/Hkump45\../../../../../../../media/sounds/crysis/gunsounds/hkump45/Hkump45_fire_loop_tail_silenced.wav  SRAM Usage 449 kb 
Debug: Info : FSB Compilation complete
Debug: Done.
